<?xml version="1.0" encoding="UTF-8"?>
<!-- Generated by org.testng.reporters.JUnitXMLReporter -->
<testsuite ignored="0" hostname="FFE-Poornima-B-Hiremath" failures="0" tests="3" name="Test-2" time="7.052" errors="0" timestamp="2026-08-05T11:02:42 IST">
  <testcase classname="com.fireflink.practicetest.SampleReportTest" name="Test1" time="6.971"/>
  <testcase classname="com.fireflink.practicetest.SampleReportTest" name="Test2" time="0.004"/>
  <testcase classname="com.fireflink.practicetest.SampleReportTest" name="Test3" time="0.005"/>
</testsuite> <!-- Test-2 -->
