<?xml version="1.0" encoding="UTF-8"?>
<!-- Generated by org.testng.reporters.JUnitXMLReporter -->
<testsuite ignored="0" hostname="FFE-Poornima-B-Hiremath" failures="1" tests="1" name="Test-1" time="0.864" errors="0" timestamp="2026-08-05T11:02:36 IST">
  <testcase classname="com.crm.remotetest.BrowserStack" name="sampleTest" time="0.8">
    <failure type="java.lang.IllegalArgumentException" message="Capabilities must be set">
      <![CDATA[java.lang.IllegalArgumentException: Capabilities must be set
at org.openqa.selenium.internal.Require.nonNull(Require.java:68)
at org.openqa.selenium.remote.RemoteWebDriver.<init>(RemoteWebDriver.java:174)
at org.openqa.selenium.remote.RemoteWebDriver.<init>(RemoteWebDriver.java:165)
at com.crm.remotetest.BrowserStack.sampleTest(BrowserStack.java:15)
at java.base/java.util.ArrayList.forEach(ArrayList.java:1511)
at java.base/java.util.concurrent.FutureTask.run(FutureTask.java:264)
at java.base/java.util.concurrent.ThreadPoolExecutor.runWorker(ThreadPoolExecutor.java:1136)
at java.base/java.util.concurrent.ThreadPoolExecutor$Worker.run(ThreadPoolExecutor.java:635)
at java.base/java.lang.Thread.run(Thread.java:842)
... Removed 17 stack frames]]>
    </failure>
  </testcase> <!-- sampleTest -->
</testsuite> <!-- Test-1 -->
