<?xml version="1.0" encoding="UTF-8"?>
<!-- Generated by org.testng.reporters.JUnitXMLReporter -->
<testsuite ignored="0" hostname="FFE-Poornima-B-Hiremath" failures="0" tests="3" name="Default test" time="2.136" errors="0" timestamp="2026-08-04T15:16:31 IST">
  <testcase classname="com.fireflink.practicetest.SampleReportTest" name="Test1" time="2.091"/>
  <testcase classname="com.fireflink.practicetest.SampleReportTest" name="Test2" time="0.002"/>
  <testcase classname="com.fireflink.practicetest.SampleReportTest" name="Test3" time="0.001"/>
</testsuite> <!-- Default test -->
