<?xml version="1.0" encoding="UTF-8"?>
<testng-results ignored="0" total="4" passed="3" failed="1" skipped="0">
  <reporter-output>
  </reporter-output>
  <suite started-at="2026-08-05T11:02:35 IST" name="Suite" finished-at="2026-08-05T11:02:42 IST" duration-ms="7052">
    <groups>
    </groups>
    <test started-at="2026-08-05T11:02:35 IST" name="Test-1" finished-at="2026-08-05T11:02:36 IST" duration-ms="864">
      <class name="com.crm.remotetest.BrowserStack">
        <test-method signature="sampleTest()[pri:0, instance:com.crm.remotetest.BrowserStack@18078bef]" started-at="2026-08-05T11:02:35 IST" name="sampleTest" finished-at="2026-08-05T11:02:36 IST" duration-ms="800" status="FAIL">
          <exception class="java.lang.IllegalArgumentException">
            <message>
              <![CDATA[Capabilities must be set]]>
            </message>
            <full-stacktrace>
              <![CDATA[java.lang.IllegalArgumentException: Capabilities must be set
at org.openqa.selenium.internal.Require.nonNull(Require.java:68)
at org.openqa.selenium.remote.RemoteWebDriver.<init>(RemoteWebDriver.java:174)
at org.openqa.selenium.remote.RemoteWebDriver.<init>(RemoteWebDriver.java:165)
at com.crm.remotetest.BrowserStack.sampleTest(BrowserStack.java:15)
at java.base/jdk.internal.reflect.NativeMethodAccessorImpl.invoke0(Native Method)
at java.base/jdk.internal.reflect.NativeMethodAccessorImpl.invoke(NativeMethodAccessorImpl.java:77)
at java.base/jdk.internal.reflect.DelegatingMethodAccessorImpl.invoke(DelegatingMethodAccessorImpl.java:43)
at java.base/java.lang.reflect.Method.invoke(Method.java:568)
at org.testng.internal.invokers.MethodInvocationHelper.invokeMethod(MethodInvocationHelper.java:141)
at org.testng.internal.invokers.TestInvoker.invokeMethod(TestInvoker.java:687)
at org.testng.internal.invokers.TestInvoker.invokeTestMethod(TestInvoker.java:230)
at org.testng.internal.invokers.MethodRunner.runInSequence(MethodRunner.java:63)
at org.testng.internal.invokers.TestInvoker$MethodInvocationAgent.invoke(TestInvoker.java:995)
at org.testng.internal.invokers.TestInvoker.invokeTestMethods(TestInvoker.java:203)
at org.testng.internal.invokers.TestMethodWorker.invokeTestMethods(TestMethodWorker.java:154)
at org.testng.internal.invokers.TestMethodWorker.run(TestMethodWorker.java:134)
at java.base/java.util.ArrayList.forEach(ArrayList.java:1511)
at org.testng.TestRunner.privateRun(TestRunner.java:741)
at org.testng.TestRunner.run(TestRunner.java:616)
at org.testng.SuiteRunner.runTest(SuiteRunner.java:421)
at org.testng.SuiteRunner$SuiteWorker.run(SuiteRunner.java:463)
at org.testng.internal.thread.ThreadUtil.lambda$execute$0(ThreadUtil.java:64)
at java.base/java.util.concurrent.FutureTask.run(FutureTask.java:264)
at java.base/java.util.concurrent.ThreadPoolExecutor.runWorker(ThreadPoolExecutor.java:1136)
at java.base/java.util.concurrent.ThreadPoolExecutor$Worker.run(ThreadPoolExecutor.java:635)
at java.base/java.lang.Thread.run(Thread.java:842)
]]>
            </full-stacktrace>
          </exception> <!-- java.lang.IllegalArgumentException -->
          <reporter-output>
          </reporter-output>
        </test-method> <!-- sampleTest -->
      </class> <!-- com.crm.remotetest.BrowserStack -->
    </test> <!-- Test-1 -->
    <test started-at="2026-08-05T11:02:35 IST" name="Test-2" finished-at="2026-08-05T11:02:42 IST" duration-ms="7052">
      <class name="com.fireflink.practicetest.SampleReportTest">
        <test-method is-config="true" signature="configBS()[pri:0, instance:com.fireflink.practicetest.SampleReportTest@bcec361]" started-at="2026-08-05T11:02:34 IST" name="configBS" finished-at="2026-08-05T11:02:35 IST" duration-ms="567" status="PASS">
          <reporter-output>
          </reporter-output>
        </test-method> <!-- configBS -->
        <test-method signature="Test1()[pri:0, instance:com.fireflink.practicetest.SampleReportTest@bcec361]" started-at="2026-08-05T11:02:35 IST" name="Test1" finished-at="2026-08-05T11:02:42 IST" duration-ms="6971" status="PASS">
          <reporter-output>
          </reporter-output>
        </test-method> <!-- Test1 -->
        <test-method signature="Test2()[pri:0, instance:com.fireflink.practicetest.SampleReportTest@bcec361]" started-at="2026-08-05T11:02:42 IST" name="Test2" finished-at="2026-08-05T11:02:42 IST" duration-ms="4" status="PASS">
          <reporter-output>
          </reporter-output>
        </test-method> <!-- Test2 -->
        <test-method signature="Test3()[pri:0, instance:com.fireflink.practicetest.SampleReportTest@bcec361]" started-at="2026-08-05T11:02:42 IST" name="Test3" finished-at="2026-08-05T11:02:42 IST" duration-ms="5" status="PASS">
          <reporter-output>
          </reporter-output>
        </test-method> <!-- Test3 -->
        <test-method is-config="true" signature="configAS()[pri:0, instance:com.fireflink.practicetest.SampleReportTest@bcec361]" started-at="2026-08-05T11:02:42 IST" name="configAS" finished-at="2026-08-05T11:02:42 IST" duration-ms="44" status="PASS">
          <reporter-output>
          </reporter-output>
        </test-method> <!-- configAS -->
      </class> <!-- com.fireflink.practicetest.SampleReportTest -->
    </test> <!-- Test-2 -->
  </suite> <!-- Suite -->
</testng-results>
