<?xml version="1.0" encoding="UTF-8"?>
<testng-results ignored="0" total="1" passed="1" failed="0" skipped="0">
  <reporter-output>
  </reporter-output>
  <suite started-at="2026-08-07T18:15:12 IST" name="Suite" finished-at="2026-08-07T18:15:12 IST" duration-ms="49">
    <groups>
    </groups>
    <test started-at="2026-08-07T18:15:12 IST" name="Test" finished-at="2026-08-07T18:15:12 IST" duration-ms="49">
      <class name="practice.datadriventesting.ReadDataFromTestNGXmlTest">
        <test-method signature="sampleTest(org.testng.xml.XmlTest)[pri:0, instance:practice.datadriventesting.ReadDataFromTestNGXmlTest@692f203f]" started-at="2026-08-07T18:15:12 IST" name="sampleTest" finished-at="2026-08-07T18:15:12 IST" duration-ms="12" status="PASS">
          <params>
            <param index="0">
              <value>
                <![CDATA[org.testng.xml.XmlTest@eaddadd]]>
              </value>
            </param>
          </params>
          <reporter-output>
          </reporter-output>
        </test-method> <!-- sampleTest -->
      </class> <!-- practice.datadriventesting.ReadDataFromTestNGXmlTest -->
    </test> <!-- Test -->
  </suite> <!-- Suite -->
</testng-results>
