<?xml version="1.0" encoding="UTF-8"?>
<!-- Generated by org.testng.reporters.JUnitReportReporter -->
<testsuite hostname="FFE-Poornima-B-Hiremath" failures="0" tests="3" name="com.fireflink.practicetest.SampleReportTest" time="2.094" errors="0" timestamp="2026-08-04T15:16:31 IST" skipped="0">
  <testcase classname="com.fireflink.practicetest.SampleReportTest" name="Test2" time="0.002"/>
  <testcase classname="com.fireflink.practicetest.SampleReportTest" name="Test3" time="0.001"/>
  <testcase classname="com.fireflink.practicetest.SampleReportTest" name="Test1" time="2.091"/>
</testsuite> <!-- com.fireflink.practicetest.SampleReportTest -->
