<?xml version="1.0" encoding="UTF-8"?>
<!-- Generated by org.testng.reporters.JUnitReportReporter -->
<testsuite hostname="FFE-Poornima-B-Hiremath" failures="0" tests="1" name="practice.datadriventesting.SampleUnitTestheckProjectInBackEndJDBC" time="1.034" errors="0" timestamp="2026-08-06T15:36:48 IST" skipped="0">
  <testcase classname="practice.datadriventesting.SampleUnitTestheckProjectInBackEndJDBC" name="projectTestCheck" time="1.034"/>
</testsuite> <!-- practice.datadriventesting.SampleUnitTestheckProjectInBackEndJDBC -->
