<?xml version="1.0" encoding="UTF-8"?>
<!-- Generated by org.testng.reporters.JUnitReportReporter -->
<testsuite hostname="FFE-Poornima-B-Hiremath" failures="0" tests="3" name="com.fireflink.practicetest.CreateContact_DP_Test" time="0.016" errors="0" timestamp="2026-08-07T10:56:40 IST" skipped="0">
  <testcase classname="com.fireflink.practicetest.CreateContact_DP_Test" name="createContactTest" time="0.011"/>
  <testcase classname="com.fireflink.practicetest.CreateContact_DP_Test" name="createContactTest" time="0.003"/>
  <testcase classname="com.fireflink.practicetest.CreateContact_DP_Test" name="createContactTest" time="0.002"/>
</testsuite> <!-- com.fireflink.practicetest.CreateContact_DP_Test -->
