<?xml version="1.0" encoding="UTF-8"?>
<!-- Generated by org.testng.reporters.JUnitReportReporter -->
<testsuite hostname="FFE-Poornima-B-Hiremath" failures="0" tests="2" name="com.annotation.ConfigAnnotation" time="0.007" errors="0" timestamp="2026-08-07T13:21:22 IST" skipped="0">
  <testcase classname="com.annotation.ConfigAnnotation" name="createContact1" time="0.001"/>
  <testcase classname="com.annotation.ConfigAnnotation" name="createContact" time="0.006"/>
</testsuite> <!-- com.annotation.ConfigAnnotation -->
